2024-05-27 14:39:15 [main] INFO  c.c.cleanup.CleanupApplication - Starting CleanupApplication using Java 17.0.4.1 with PID 7748 (C:\Users\VenuGopalReR\OneDrive - Informa plc\Desktop\ChangesetCleanup\target\classes started by VenuGopalReR in C:\Users\VenuGopalReR\OneDrive - Informa plc\Desktop\ChangesetCleanup)
2024-05-27 14:39:15 [main] INFO  c.c.cleanup.CleanupApplication - No active profile set, falling back to 1 default profile: "default"
2024-05-27 14:39:18 [main] INFO  o.s.d.r.c.RepositoryConfigurationDelegate - Bootstrapping Spring Data JPA repositories in DEFAULT mode.
2024-05-27 14:39:18 [main] INFO  o.s.d.r.c.RepositoryConfigurationDelegate - Finished Spring Data repository scanning in 122 ms. Found 2 JPA repository interfaces.
2024-05-27 14:39:22 [main] INFO  o.a.coyote.http11.Http11NioProtocol - Initializing ProtocolHandler ["http-nio-8080"]
2024-05-27 14:39:22 [main] INFO  o.a.catalina.core.StandardService - Starting service [Tomcat]
2024-05-27 14:39:22 [main] INFO  o.a.catalina.core.StandardEngine - Starting Servlet engine: [Apache Tomcat/10.1.19]
2024-05-27 14:39:22 [main] INFO  o.a.c.c.C.[Tomcat].[localhost].[/] - Initializing Spring embedded WebApplicationContext
2024-05-27 14:39:23 [main] INFO  com.zaxxer.hikari.HikariDataSource - HikariPool-1 - Starting...
2024-05-27 14:39:29 [main] INFO  com.zaxxer.hikari.pool.HikariPool - HikariPool-1 - Added connection org.postgresql.jdbc.PgConnection@6cbb175
2024-05-27 14:39:29 [main] INFO  com.zaxxer.hikari.HikariDataSource - HikariPool-1 - Start completed.
2024-05-27 14:39:32 [main] INFO  o.s.o.j.p.SpringPersistenceUnitInfo - No LoadTimeWeaver setup: ignoring JPA class transformer
2024-05-27 14:39:36 [main] INFO  o.s.o.j.LocalContainerEntityManagerFactoryBean - Initialized JPA EntityManagerFactory for persistence unit 'default'
2024-05-27 14:39:36 [main] INFO  o.s.d.j.r.query.QueryEnhancerFactory - Hibernate is in classpath; If applicable, HQL parser will be used.
2024-05-27 14:39:38 [main] INFO  o.a.coyote.http11.Http11NioProtocol - Starting ProtocolHandler ["http-nio-8080"]
2024-05-27 14:39:38 [main] INFO  c.c.cleanup.CleanupApplication - Started CleanupApplication in 24.346 seconds (process running for 27.782)
2024-05-27 14:45:15 [http-nio-8080-exec-2] INFO  o.a.c.c.C.[Tomcat].[localhost].[/] - Initializing Spring DispatcherServlet 'dispatcherServlet'
2024-05-27 14:45:15 [http-nio-8080-exec-2] INFO  o.s.web.servlet.DispatcherServlet - Initializing Servlet 'dispatcherServlet'
2024-05-27 14:45:15 [http-nio-8080-exec-2] INFO  o.s.web.servlet.DispatcherServlet - Completed initialization in 1 ms
2024-05-27 14:45:15 [http-nio-8080-exec-2] WARN  o.s.w.s.m.s.DefaultHandlerExceptionResolver - Resolved [org.springframework.web.method.annotation.MethodArgumentTypeMismatchException: Failed to convert value of type 'java.lang.String' to required type 'java.lang.Long'; For input string: "health"]
2024-05-27 14:45:28 [http-nio-8080-exec-4] WARN  o.s.w.s.m.s.DefaultHandlerExceptionResolver - Resolved [org.springframework.web.HttpRequestMethodNotSupportedException: Request method 'DELETE' is not supported]
2024-05-27 18:26:11 [http-nio-8080-exec-8] INFO  c.c.c.C.changesetController - fetching the changeset data for the ID 142145
2024-05-27 18:26:11 [http-nio-8080-exec-8] INFO  c.c.cleanup.Service.ChangesetService - Getting the data from the DB for the ID 142145
2024-05-27 18:26:12 [http-nio-8080-exec-8] ERROR c.c.c.C.changesetController - DATA IS NOT FOUND WITH THE ID  142145
